<?xml version="1.0" encoding="UTF-8"?>
<testsuite name="edu.si.saam.api.models.MuseumUnitTests" tests="1" skipped="0" failures="0" errors="0" timestamp="2016-07-11T19:07:48" hostname="OCIO-L31961.us.sinet.si.edu" time="0.001">
  <properties/>
  <testcase name="gettersAndSettersTest" classname="edu.si.saam.api.models.MuseumUnitTests" time="0.001"/>
  <system-out><![CDATA[]]></system-out>
  <system-err><![CDATA[]]></system-err>
</testsuite>
